<?xml version="1.0" encoding="UTF-8"?>
<!-- Generated by org.testng.reporters.JUnitReportReporter -->
<testsuite hostname="LTIN509551" failures="0" tests="8" name="testCases.TestClass" time="334.812" errors="0" timestamp="2024-04-04T14:27:28 IST" skipped="0">
  <testcase classname="testCases.TestClass" name="clickOnUser" time="32.593"/>
  <testcase classname="testCases.TestClass" name="verifyNewsDisplayed" time="7.657"/>
  <testcase classname="testCases.TestClass" name="verifyHeaderAndTooltip" time="0.330"/>
  <testcase classname="testCases.TestClass" name="validateNewsSlide1" time="57.803"/>
  <testcase classname="testCases.TestClass" name="validateNewsSlide2" time="62.479"/>
  <testcase classname="testCases.TestClass" name="validateNewsSlide3" time="62.367"/>
  <testcase classname="testCases.TestClass" name="validateNewsSlide4" time="62.214"/>
  <testcase classname="testCases.TestClass" name="validateNewsSlide5" time="49.369"/>
</testsuite> <!-- testCases.TestClass -->
